<?xml version="1.0" encoding="UTF-8"?>
<!-- Generated by org.testng.reporters.JUnitReportReporter -->
<testsuite hostname="NomadicShri" failures="0" tests="1" name="com.amazonMenu.testCases.TC_SearchTest_001" time="38.368" errors="0" timestamp="2022-06-27T11:59:25 EDT" skipped="0">
  <testcase classname="com.amazonMenu.testCases.TC_SearchTest_001" name="searchMenu" time="38.368"/>
  <system-out/>
</testsuite> <!-- com.amazonMenu.testCases.TC_SearchTest_001 -->
